This is pdfTeX, Version 3.141592653-2.6-1.40.25 (TeX Live 2023/Arch Linux) (preloaded format=pdflatex 2023.7.22)  24 AUG 2023 09:51
entering extended mode
 restricted \write18 enabled.
 %&-line parsing enabled.
**refman
(./refman.tex
LaTeX2e <2022-11-01> patch level 1
L3 programming layer <2023-02-22>
(/usr/share/texmf-dist/tex/latex/base/book.cls
Document Class: book 2022/07/02 v1.4n Standard LaTeX document class
(/usr/share/texmf-dist/tex/latex/base/bk10.clo
File: bk10.clo 2022/07/02 v1.4n Standard LaTeX file (size option)
)
\c@part=\count185
\c@chapter=\count186
\c@section=\count187
\c@subsection=\count188
\c@subsubsection=\count189
\c@paragraph=\count190
\c@subparagraph=\count191
\c@figure=\count192
\c@table=\count193
\abovecaptionskip=\skip48
\belowcaptionskip=\skip49
\bibindent=\dimen140
)
(/usr/share/texmf-dist/tex/latex/base/ifthen.sty
Package: ifthen 2022/04/13 v1.1d Standard LaTeX ifthen package (DPC)
)
(/usr/share/texmf-dist/tex/latex/tools/array.sty
Rollback for package 'array' requested -> date 2016-10-06.
         Best approximation is the release introduced on 2016-10-06.

(/usr/share/texmf-dist/tex/latex/tools/array-2016-10-06.sty
Package: array 2016/10/06 v2.4d Tabular extension package (FMi)
\col@sep=\dimen141
\extrarowheight=\dimen142
\NC@list=\toks16
\extratabsurround=\skip50
\backup@length=\skip51
))
(/usr/share/texmf-dist/tex/generic/infwarerr/infwarerr.sty
package info suppressed
) (./doxygen.sty
Package: doxygen 

(/usr/share/texmf-dist/tex/latex/base/alltt.sty
Package: alltt 2021/01/29 v2.0g defines alltt environment
)
(/usr/share/texmf-dist/tex/latex/tools/calc.sty
Package: calc 2017/05/25 v4.3 Infix arithmetic (KKT,FJ)
\calc@Acount=\count194
\calc@Bcount=\count195
\calc@Adimen=\dimen143
\calc@Bdimen=\dimen144
\calc@Askip=\skip52
\calc@Bskip=\skip53
LaTeX Info: Redefining \setlength on input line 80.
LaTeX Info: Redefining \addtolength on input line 81.
\calc@Ccount=\count196
\calc@Cskip=\skip54
)
(/usr/share/texmf-dist/tex/latex/float/float.sty
Package: float 2001/11/08 v1.3d Float enhancements (AL)
\c@float@type=\count197
\float@exts=\toks17
\float@box=\box51
\@float@everytoks=\toks18
\@floatcapt=\box52
)
(/usr/share/texmf-dist/tex/latex/tools/verbatim.sty
Package: verbatim 2022-07-02 v1.5u LaTeX2e package for verbatim enhancements
\every@verbatim=\toks19
\verbatim@line=\toks20
\verbatim@in@stream=\read2
)
(/usr/share/texmf-dist/tex/latex/xcolor/xcolor.sty
Package: xcolor 2022/06/12 v2.14 LaTeX color extensions (UK)

(/usr/share/texmf-dist/tex/latex/graphics-cfg/color.cfg
File: color.cfg 2016/01/02 v1.6 sample color configuration
)
Package xcolor Info: Driver file: pdftex.def on input line 227.

(/usr/share/texmf-dist/tex/latex/graphics-def/pdftex.def
File: pdftex.def 2022/09/22 v1.2b Graphics/color driver for pdftex
)
(/usr/share/texmf-dist/tex/latex/colortbl/colortbl.sty
Package: colortbl 2022/06/20 v1.0f Color table columns (DPC)
\everycr=\toks21
\minrowclearance=\skip55
\rownum=\count198
)
(/usr/share/texmf-dist/tex/latex/graphics/mathcolor.ltx)
Package xcolor Info: Model `cmy' substituted by `cmy0' on input line 1353.
Package xcolor Info: Model `hsb' substituted by `rgb' on input line 1357.
Package xcolor Info: Model `RGB' extended on input line 1369.
Package xcolor Info: Model `HTML' substituted by `rgb' on input line 1371.
Package xcolor Info: Model `Hsb' substituted by `hsb' on input line 1372.
Package xcolor Info: Model `tHsb' substituted by `hsb' on input line 1373.
Package xcolor Info: Model `HSB' substituted by `hsb' on input line 1374.
Package xcolor Info: Model `Gray' substituted by `gray' on input line 1375.
Package xcolor Info: Model `wave' substituted by `hsb' on input line 1376.
)
(./longtable_doxygen.sty
Package: longtable_doxygen 2014/10/28 v4.11 Multi-page Table package (DPC) - fr
ozen version for doxygen
\LTleft=\skip56
\LTright=\skip57
\LTpre=\skip58
\LTpost=\skip59
\LTchunksize=\count199
\LTcapwidth=\dimen145
\LT@head=\box53
\LT@firsthead=\box54
\LT@foot=\box55
\LT@lastfoot=\box56
\LT@cols=\count266
\LT@rows=\count267
\c@LT@tables=\count268
\c@LT@chunks=\count269
\LT@p@ftn=\toks22
) (./tabu_doxygen.sty
Package: tabu_doxygen 2011/02/26 v2.8 - flexible LaTeX tabulars (FC), frozen ve
rsion for doxygen

(/usr/share/texmf-dist/tex/latex/varwidth/varwidth.sty
Package: varwidth 2009/03/30 ver 0.92;  Variable-width minipages
\@vwid@box=\box57
\sift@deathcycles=\count270
\@vwid@loff=\dimen146
\@vwid@roff=\dimen147
)
\c@taburow=\count271
\tabu@nbcols=\count272
\tabu@cnt=\count273
\tabu@Xcol=\count274
\tabu@alloc=\count275
\tabu@nested=\count276
\tabu@target=\dimen148
\tabu@spreadtarget=\dimen149
\tabu@naturalX=\dimen150
\tabucolX=\dimen151
\tabu@Xsum=\dimen152
\extrarowdepth=\dimen153
\abovetabulinesep=\dimen154
\belowtabulinesep=\dimen155
\tabustrutrule=\dimen156
\tabu@thebody=\toks23
\tabu@footnotes=\toks24
\tabu@box=\box58
\tabu@arstrutbox=\box59
\tabu@hleads=\box60
\tabu@vleads=\box61
\tabu@cellskip=\skip60
)
(/usr/share/texmf-dist/tex/latex/fancyvrb/fancyvrb.sty
Package: fancyvrb 2023/01/19 4.5a verbatim text (tvz,hv)

(/usr/share/texmf-dist/tex/latex/graphics/keyval.sty
Package: keyval 2022/05/29 v1.15 key=value parser (DPC)
\KV@toks@=\toks25
)
\FV@CodeLineNo=\count277
\FV@InFile=\read3
\FV@TabBox=\box62
\c@FancyVerbLine=\count278
\FV@StepNumber=\count279
\FV@OutFile=\write3
)
(/usr/share/texmf-dist/tex/latex/tools/tabularx.sty
Package: tabularx 2020/01/15 v2.11c `tabularx' package (DPC)
\TX@col@width=\dimen157
\TX@old@table=\dimen158
\TX@old@col=\dimen159
\TX@target=\dimen160
\TX@delta=\dimen161
\TX@cols=\count280
\TX@ftn=\toks26
)
(/usr/share/texmf-dist/tex/latex/tools/multicol.sty
Package: multicol 2021/11/30 v1.9d multicolumn formatting (FMi)
\c@tracingmulticols=\count281
\mult@box=\box63
\multicol@leftmargin=\dimen162
\c@unbalance=\count282
\c@collectmore=\count283
\doublecol@number=\count284
\multicoltolerance=\count285
\multicolpretolerance=\count286
\full@width=\dimen163
\page@free=\dimen164
\premulticols=\dimen165
\postmulticols=\dimen166
\multicolsep=\skip61
\multicolbaselineskip=\skip62
\partial@page=\box64
\last@line=\box65
\maxbalancingoverflow=\dimen167
\mult@rightbox=\box66
\mult@grightbox=\box67
\mult@firstbox=\box68
\mult@gfirstbox=\box69
\@tempa=\box70
\@tempa=\box71
\@tempa=\box72
\@tempa=\box73
\@tempa=\box74
\@tempa=\box75
\@tempa=\box76
\@tempa=\box77
\@tempa=\box78
\@tempa=\box79
\@tempa=\box80
\@tempa=\box81
\@tempa=\box82
\@tempa=\box83
\@tempa=\box84
\@tempa=\box85
\@tempa=\box86
\@tempa=\box87
\@tempa=\box88
\@tempa=\box89
\@tempa=\box90
\@tempa=\box91
\@tempa=\box92
\@tempa=\box93
\@tempa=\box94
\@tempa=\box95
\@tempa=\box96
\@tempa=\box97
\@tempa=\box98
\@tempa=\box99
\@tempa=\box100
\@tempa=\box101
\@tempa=\box102
\@tempa=\box103
\@tempa=\box104
\@tempa=\box105
\c@minrows=\count287
\c@columnbadness=\count288
\c@finalcolumnbadness=\count289
\last@try=\dimen168
\multicolovershoot=\dimen169
\multicolundershoot=\dimen170
\mult@nat@firstbox=\box106
\colbreak@box=\box107
\mc@col@check@num=\count290
)
(/usr/share/texmf-dist/tex/latex/multirow/multirow.sty
Package: multirow 2021/03/15 v2.8 Span multiple rows of a table
\multirow@colwidth=\skip63
\multirow@cntb=\count291
\multirow@dima=\skip64
\bigstrutjot=\dimen171
)
(/usr/share/texmf-dist/tex/latex/hanging/hanging.sty
Package: hanging 2009/09/02 v1.2b hanging paragraphs and punctuation
\h@ngcommawd=\skip65
\h@ngfstopwd=\skip66
\h@ngquotewd=\skip67
\h@ngdquotewd=\skip68
\h@ngquerywd=\skip69
\h@ngexclwd=\skip70
\h@ngcolonwd=\skip71
\h@ngscolonwd=\skip72
)
(/usr/share/texmf-dist/tex/generic/iftex/ifpdf.sty
Package: ifpdf 2019/10/25 v3.4 ifpdf legacy package. Use iftex instead.

(/usr/share/texmf-dist/tex/generic/iftex/iftex.sty
Package: iftex 2022/02/03 v1.0f TeX engine tests
))
(/usr/share/texmf-dist/tex/latex/adjustbox/adjustbox.sty
Package: adjustbox 2022/10/17 v1.3a Adjusting TeX boxes (trim, clip, ...)

(/usr/share/texmf-dist/tex/latex/xkeyval/xkeyval.sty
Package: xkeyval 2022/06/16 v2.9 package option processing (HA)

(/usr/share/texmf-dist/tex/generic/xkeyval/xkeyval.tex
(/usr/share/texmf-dist/tex/generic/xkeyval/xkvutils.tex
\XKV@toks=\toks27
\XKV@tempa@toks=\toks28
)
\XKV@depth=\count292
File: xkeyval.tex 2014/12/03 v2.7a key=value parser (HA)
))
(/usr/share/texmf-dist/tex/latex/adjustbox/adjcalc.sty
Package: adjcalc 2012/05/16 v1.1 Provides advanced setlength with multiple back
-ends (calc, etex, pgfmath)
)
(/usr/share/texmf-dist/tex/latex/adjustbox/trimclip.sty
Package: trimclip 2020/08/19 v1.2 Trim and clip general TeX material

(/usr/share/texmf-dist/tex/latex/graphics/graphicx.sty
Package: graphicx 2021/09/16 v1.2d Enhanced LaTeX Graphics (DPC,SPQR)

(/usr/share/texmf-dist/tex/latex/graphics/graphics.sty
Package: graphics 2022/03/10 v1.4e Standard LaTeX Graphics (DPC,SPQR)

(/usr/share/texmf-dist/tex/latex/graphics/trig.sty
Package: trig 2021/08/11 v1.11 sin cos tan (DPC)
)
(/usr/share/texmf-dist/tex/latex/graphics-cfg/graphics.cfg
File: graphics.cfg 2016/06/04 v1.11 sample graphics configuration
)
Package graphics Info: Driver file: pdftex.def on input line 107.
)
\Gin@req@height=\dimen172
\Gin@req@width=\dimen173
)
(/usr/share/texmf-dist/tex/latex/collectbox/collectbox.sty
Package: collectbox 2022/10/17 v0.4c Collect macro arguments as boxes
\collectedbox=\box108
)
\tc@llx=\dimen174
\tc@lly=\dimen175
\tc@urx=\dimen176
\tc@ury=\dimen177
Package trimclip Info: Using driver 'tc-pdftex.def'.

(/usr/share/texmf-dist/tex/latex/adjustbox/tc-pdftex.def
File: tc-pdftex.def 2019/01/04 v2.2 Clipping driver for pdftex
))
\adjbox@Width=\dimen178
\adjbox@Height=\dimen179
\adjbox@Depth=\dimen180
\adjbox@Totalheight=\dimen181
\adjbox@pwidth=\dimen182
\adjbox@pheight=\dimen183
\adjbox@pdepth=\dimen184
\adjbox@ptotalheight=\dimen185

(/usr/share/texmf-dist/tex/latex/ifoddpage/ifoddpage.sty
Package: ifoddpage 2022/10/18 v1.2 Conditionals for odd/even page detection
\c@checkoddpage=\count293
))
(/usr/share/texmf-dist/tex/latex/amsfonts/amssymb.sty
Package: amssymb 2013/01/14 v3.01 AMS font symbols

(/usr/share/texmf-dist/tex/latex/amsfonts/amsfonts.sty
Package: amsfonts 2013/01/14 v3.01 Basic AMSFonts support
\@emptytoks=\toks29
\symAMSa=\mathgroup4
\symAMSb=\mathgroup5
LaTeX Font Info:    Redeclaring math symbol \hbar on input line 98.
LaTeX Font Info:    Overwriting math alphabet `\mathfrak' in version `bold'
(Font)                  U/euf/m/n --> U/euf/b/n on input line 106.
))
(/usr/share/texmf-dist/tex/latex/stackengine/stackengine.sty
Package: stackengine 2021/07/22 v4.11\ Stacking text and objects in convenient 
ways

(/usr/share/texmf-dist/tex/latex/etoolbox/etoolbox.sty
Package: etoolbox 2020/10/05 v2.5k e-TeX tools for LaTeX (JAW)
\etb@tempcnta=\count294
)
(/usr/share/texmf-dist/tex/generic/listofitems/listofitems.sty
(/usr/share/texmf-dist/tex/generic/listofitems/listofitems.tex
\loi_cnt_foreach_nest=\count295
\loi_nestcnt=\count296
)
Package: listofitems 2019/08/21 v1.63 Grab items in lists using user-specified 
sep char (CT)
)
\c@@stackindex=\count297
\@boxshift=\skip73
\stack@tmplength=\skip74
\temp@stkl=\skip75
\@stackedboxwidth=\skip76
\@addedbox=\box109
\@anchorbox=\box110
\@insetbox=\box111
\se@backgroundbox=\box112
\stackedbox=\box113
\@centerbox=\box114
\c@ROWcellindex@=\count298
)
(/usr/share/texmf-dist/tex/latex/enumitem/enumitem.sty
Package: enumitem 2019/06/20 v3.9 Customized lists
\labelindent=\skip77
\enit@outerparindent=\dimen186
\enit@toks=\toks30
\enit@inbox=\box115
\enit@count@id=\count299
\enitdp@description=\count300
)
(/usr/share/texmf-dist/tex/generic/alphalph/alphalph.sty
Package: alphalph 2019/12/09 v2.6 Convert numbers to letters (HO)

(/usr/share/texmf-dist/tex/generic/intcalc/intcalc.sty
Package: intcalc 2019/12/15 v1.3 Expandable calculations with integers (HO)
))
(/usr/share/texmf-dist/tex/generic/ulem/ulem.sty
\UL@box=\box116
\UL@hyphenbox=\box117
\UL@skip=\skip78
\UL@hook=\toks31
\UL@height=\dimen187
\UL@pe=\count301
\UL@pixel=\dimen188
\ULC@box=\box118
Package: ulem 2019/11/18
\ULdepth=\dimen189
)
\xrefbox=\box119
\xreflength=\skip79
\CodeWidthChar=\skip80
\CodeHeightChar=\skip81
\DoxyCodeWidth=\skip82
\c@DoxyEnumeratei=\count302
\c@DoxyEnumerateii=\count303
\c@DoxyEnumerateiii=\count304
\c@DoxyEnumerateiv=\count305
\c@DoxyEnumeratev=\count306
\c@DoxyEnumeratevi=\count307
\c@DoxyEnumeratevii=\count308
\c@DoxyEnumerateviii=\count309
\c@DoxyEnumerateix=\count310
\c@DoxyEnumeratex=\count311
\c@DoxyEnumeratexi=\count312
\c@DoxyEnumeratexii=\count313
\enitdp@DoxyEnumerate=\count314
\enitdp@DoxyItemize=\count315
\c@subsubsubsection=\count316
\c@subsubsubsubsection=\count317
\c@subsubsubsubsubsection=\count318
\c@subsubsubsubsubsubsection=\count319
)
(/usr/share/texmf-dist/tex/latex/base/inputenc.sty
Package: inputenc 2021/02/14 v1.3d Input encoding file
\inpenc@prehook=\toks32
\inpenc@posthook=\toks33
)
(/usr/share/texmf-dist/tex/latex/base/makeidx.sty
Package: makeidx 2021/10/04 v1.0m Standard LaTeX package
)
(/usr/share/texmf-dist/tex/latex/base/textcomp.sty
Package: textcomp 2020/02/02 v2.0n Standard LaTeX package
)
(/usr/share/texmf-dist/tex/latex/wasysym/wasysym.sty
Package: wasysym 2020/01/19 v2.4 Wasy-2 symbol support package
\symwasy=\mathgroup6
LaTeX Font Info:    Overwriting symbol font `wasy' in version `bold'
(Font)                  U/wasy/m/n --> U/wasy/b/n on input line 93.
)
(/usr/share/texmf-dist/tex/generic/iftex/ifxetex.sty
Package: ifxetex 2019/10/25 v0.7 ifxetex legacy package. Use iftex instead.
)
(/usr/share/texmf-dist/tex/latex/base/fontenc.sty
Package: fontenc 2021/04/29 v2.0v Standard LaTeX package
)
(/usr/share/texmf-dist/tex/latex/psnfss/helvet.sty
Package: helvet 2020/03/25 PSNFSS-v9.3 (WaS) 
)
(/usr/share/texmf-dist/tex/latex/psnfss/courier.sty
Package: courier 2020/03/25 PSNFSS-v9.3 (WaS) 
)
(/usr/share/texmf-dist/tex/latex/geometry/geometry.sty
Package: geometry 2020/01/02 v5.9 Page Geometry

(/usr/share/texmf-dist/tex/generic/iftex/ifvtex.sty
Package: ifvtex 2019/10/25 v1.7 ifvtex legacy package. Use iftex instead.
)
\Gm@cnth=\count320
\Gm@cntv=\count321
\c@Gm@tempcnt=\count322
\Gm@bindingoffset=\dimen190
\Gm@wd@mp=\dimen191
\Gm@odd@mp=\dimen192
\Gm@even@mp=\dimen193
\Gm@layoutwidth=\dimen194
\Gm@layoutheight=\dimen195
\Gm@layouthoffset=\dimen196
\Gm@layoutvoffset=\dimen197
\Gm@dimlist=\toks34
)
(/usr/share/texmf-dist/tex/latex/changepage/changepage.sty
Package: changepage 2009/10/20 v1.0c check page and change page layout
\c@cp@cntr=\count323
\cp@tempcnt=\count324
LaTeX Info: Redefining \checkoddpage on input line 59.
)
(/usr/share/texmf-dist/tex/latex/fancyhdr/fancyhdr.sty
Package: fancyhdr 2022/11/09 v4.1 Extensive control of page headers and footers

\f@nch@headwidth=\skip83
\f@nch@O@elh=\skip84
\f@nch@O@erh=\skip85
\f@nch@O@olh=\skip86
\f@nch@O@orh=\skip87
\f@nch@O@elf=\skip88
\f@nch@O@erf=\skip89
\f@nch@O@olf=\skip90
\f@nch@O@orf=\skip91
)
(/usr/share/texmf-dist/tex/latex/natbib/natbib.sty
Package: natbib 2010/09/13 8.31b (PWD, AO)
\bibhang=\skip92
\bibsep=\skip93
LaTeX Info: Redefining \cite on input line 694.
\c@NAT@ctr=\count325
)
(/usr/share/texmf-dist/tex/latex/tocloft/tocloft.sty
Package: tocloft 2017/08/31 v2.3i parameterised ToC, etc., typesetting
Package tocloft Info: The document has chapter divisions on input line 51.
\cftparskip=\skip94
\cftbeforetoctitleskip=\skip95
\cftaftertoctitleskip=\skip96
\cftbeforepartskip=\skip97
\cftpartnumwidth=\skip98
\cftpartindent=\skip99
\cftbeforechapskip=\skip100
\cftchapindent=\skip101
\cftchapnumwidth=\skip102
\cftbeforesecskip=\skip103
\cftsecindent=\skip104
\cftsecnumwidth=\skip105
\cftbeforesubsecskip=\skip106
\cftsubsecindent=\skip107
\cftsubsecnumwidth=\skip108
\cftbeforesubsubsecskip=\skip109
\cftsubsubsecindent=\skip110
\cftsubsubsecnumwidth=\skip111
\cftbeforeparaskip=\skip112
\cftparaindent=\skip113
\cftparanumwidth=\skip114
\cftbeforesubparaskip=\skip115
\cftsubparaindent=\skip116
\cftsubparanumwidth=\skip117
\cftbeforeloftitleskip=\skip118
\cftafterloftitleskip=\skip119
\cftbeforefigskip=\skip120
\cftfigindent=\skip121
\cftfignumwidth=\skip122
\c@lofdepth=\count326
\c@lotdepth=\count327
\cftbeforelottitleskip=\skip123
\cftafterlottitleskip=\skip124
\cftbeforetabskip=\skip125
\cfttabindent=\skip126
\cfttabnumwidth=\skip127
)
\@indexfile=\write4
\openout4 = `refman.idx'.


Writing index file refman.idx
(/usr/share/texmf-dist/tex/latex/newunicodechar/newunicodechar.sty
Package: newunicodechar 2018/04/08 v1.2 Defining Unicode characters
)
(/usr/share/texmf-dist/tex/latex/hyperref/hyperref.sty
Package: hyperref 2023-02-07 v7.00v Hypertext links for LaTeX

(/usr/share/texmf-dist/tex/generic/ltxcmds/ltxcmds.sty
Package: ltxcmds 2020-05-10 v1.25 LaTeX kernel commands for general use (HO)
)
(/usr/share/texmf-dist/tex/generic/pdftexcmds/pdftexcmds.sty
Package: pdftexcmds 2020-06-27 v0.33 Utility functions of pdfTeX for LuaTeX (HO
)
Package pdftexcmds Info: \pdf@primitive is available.
Package pdftexcmds Info: \pdf@ifprimitive is available.
Package pdftexcmds Info: \pdfdraftmode found.
)
(/usr/share/texmf-dist/tex/latex/kvsetkeys/kvsetkeys.sty
Package: kvsetkeys 2022-10-05 v1.19 Key value parser (HO)
)
(/usr/share/texmf-dist/tex/generic/kvdefinekeys/kvdefinekeys.sty
Package: kvdefinekeys 2019-12-19 v1.6 Define keys (HO)
)
(/usr/share/texmf-dist/tex/generic/pdfescape/pdfescape.sty
Package: pdfescape 2019/12/09 v1.15 Implements pdfTeX's escape features (HO)
)
(/usr/share/texmf-dist/tex/latex/hycolor/hycolor.sty
Package: hycolor 2020-01-27 v1.10 Color options for hyperref/bookmark (HO)
)
(/usr/share/texmf-dist/tex/latex/letltxmacro/letltxmacro.sty
Package: letltxmacro 2019/12/03 v1.6 Let assignment for LaTeX macros (HO)
)
(/usr/share/texmf-dist/tex/latex/auxhook/auxhook.sty
Package: auxhook 2019-12-17 v1.6 Hooks for auxiliary files (HO)
)
(/usr/share/texmf-dist/tex/latex/hyperref/nameref.sty
Package: nameref 2022-05-17 v2.50 Cross-referencing by name of section

(/usr/share/texmf-dist/tex/latex/refcount/refcount.sty
Package: refcount 2019/12/15 v3.6 Data extraction from label references (HO)
)
(/usr/share/texmf-dist/tex/generic/gettitlestring/gettitlestring.sty
Package: gettitlestring 2019/12/15 v1.6 Cleanup title references (HO)

(/usr/share/texmf-dist/tex/latex/kvoptions/kvoptions.sty
Package: kvoptions 2022-06-15 v3.15 Key value format for package options (HO)
))
\c@section@level=\count328
)
\@linkdim=\dimen198
\Hy@linkcounter=\count329
\Hy@pagecounter=\count330

(/usr/share/texmf-dist/tex/latex/hyperref/pd1enc.def
File: pd1enc.def 2023-02-07 v7.00v Hyperref: PDFDocEncoding definition (HO)
Now handling font encoding PD1 ...
... no UTF-8 mapping file for font encoding PD1
)
(/usr/share/texmf-dist/tex/generic/etexcmds/etexcmds.sty
Package: etexcmds 2019/12/15 v1.7 Avoid name clashes with e-TeX commands (HO)
)
\Hy@SavedSpaceFactor=\count331

(/usr/share/texmf-dist/tex/latex/hyperref/puenc.def
File: puenc.def 2023-02-07 v7.00v Hyperref: PDF Unicode definition (HO)
Now handling font encoding PU ...
... no UTF-8 mapping file for font encoding PU
)
Package hyperref Info: Hyper figures OFF on input line 4177.
Package hyperref Info: Link nesting OFF on input line 4182.
Package hyperref Info: Hyper index ON on input line 4185.
Package hyperref Info: Plain pages OFF on input line 4192.
Package hyperref Info: Backreferencing ON on input line 4195.
Package hyperref Info: Implicit mode ON; LaTeX internals redefined.
Package hyperref Info: Bookmarks ON on input line 4425.

(/usr/share/texmf-dist/tex/latex/hyperref/backref.sty
Package: backref 2021/02/04 v1.41 Bibliographical back referencing

(/usr/share/texmf-dist/tex/latex/rerunfilecheck/rerunfilecheck.sty
Package: rerunfilecheck 2022-07-10 v1.10 Rerun checks for auxiliary files (HO)

(/usr/share/texmf-dist/tex/latex/base/atveryend-ltx.sty
Package: atveryend-ltx 2020/08/19 v1.0a Emulation of the original atveryend pac
kage
with kernel methods
)
(/usr/share/texmf-dist/tex/generic/uniquecounter/uniquecounter.sty
Package: uniquecounter 2019/12/15 v1.4 Provide unlimited unique counter (HO)

(/usr/share/texmf-dist/tex/generic/bigintcalc/bigintcalc.sty
Package: bigintcalc 2019/12/15 v1.5 Expandable calculations on big integers (HO
)
))
Package uniquecounter Info: New unique counter `rerunfilecheck' on input line 2
85.
))
\c@Hy@tempcnt=\count332

(/usr/share/texmf-dist/tex/latex/url/url.sty
\Urlmuskip=\muskip16
Package: url 2013/09/16  ver 3.4  Verb mode for urls, etc.
)
LaTeX Info: Redefining \url on input line 4763.
\XeTeXLinkMargin=\dimen199

(/usr/share/texmf-dist/tex/generic/bitset/bitset.sty
Package: bitset 2019/12/09 v1.3 Handle bit-vector datatype (HO)
)
\Fld@menulength=\count333
\Field@Width=\dimen256
\Fld@charsize=\dimen257
Package hyperref Info: Hyper figures OFF on input line 6042.
Package hyperref Info: Link nesting OFF on input line 6047.
Package hyperref Info: Hyper index ON on input line 6050.
Package hyperref Info: backreferencing ON on input line 6055.
Package hyperref Info: Link coloring OFF on input line 6062.
Package hyperref Info: Link coloring with OCG OFF on input line 6067.
Package hyperref Info: PDF/A mode OFF on input line 6072.

(/usr/share/texmf-dist/tex/latex/base/atbegshi-ltx.sty
Package: atbegshi-ltx 2021/01/10 v1.0c Emulation of the original atbegshi
package with kernel methods
)
\Hy@abspage=\count334
\c@Item=\count335
\c@Hfootnote=\count336
)
Package hyperref Info: Driver: hpdftex.

(/usr/share/texmf-dist/tex/latex/hyperref/hpdftex.def
File: hpdftex.def 2023-02-07 v7.00v Hyperref driver for pdfTeX
\Fld@listcount=\count337
\c@bookmark@seq@number=\count338
\Hy@SectionHShift=\skip128
)
Package hyperref Info: Option `colorlinks' set `true' on input line 161.
Package hyperref Info: Option `unicode' set `true' on input line 161.

(/usr/share/texmf-dist/tex/latex/caption/caption.sty
Package: caption 2023/03/12 v3.6j Customizing captions (AR)

(/usr/share/texmf-dist/tex/latex/caption/caption3.sty
Package: caption3 2023/03/12 v2.4 caption3 kernel (AR)
\caption@tempdima=\dimen258
\captionmargin=\dimen259
\caption@leftmargin=\dimen260
\caption@rightmargin=\dimen261
\caption@width=\dimen262
\caption@indent=\dimen263
\caption@parindent=\dimen264
\caption@hangindent=\dimen265
Package caption Info: Standard document class detected.
)
\c@caption@flags=\count339
\c@continuedfloat=\count340
Package caption Info: changepage package is loaded.
\caption@adjustwidth@hsize=\dimen266
\caption@adjustwidth@linewidth=\dimen267
Package caption Info: float package is loaded.
Package caption Info: hyperref package is loaded.
Package caption Info: longtable package is loaded.

(/usr/share/texmf-dist/tex/latex/caption/ltcaption.sty
Package: ltcaption 2021/01/08 v1.4c longtable captions (AR)
)) (./etoc_doxygen.sty
Package: etoc_doxygen 2023/05/01 v1.2a Completely customisable TOCs (JFB)
\Etoc@toctoks=\toks35
\c@etoc@tocid=\count341
\etoc@framed@titlebox=\box120
\etoc@framed@contentsbox=\box121
)
LaTeX Font Info:    Trying to load font information for T1+phv on input line 18
3.

(/usr/share/texmf-dist/tex/latex/psnfss/t1phv.fd
File: t1phv.fd 2020/03/25 scalable font definitions for T1/phv.
)
LaTeX Font Info:    Font shape `T1/phv/m/n' will be
(Font)              scaled to size 8.99994pt on input line 183.

(/usr/share/texmf-dist/tex/latex/l3backend/l3backend-pdftex.def
File: l3backend-pdftex.def 2023-01-16 L3 backend support: PDF output (pdfTeX)
\l__color_backend_stack_int=\count342
\l__pdf_internal_box=\box122
) (./refman.aux)
\openout1 = `refman.aux'.

LaTeX Font Info:    Checking defaults for OML/cmm/m/it on input line 183.
LaTeX Font Info:    ... okay on input line 183.
LaTeX Font Info:    Checking defaults for OMS/cmsy/m/n on input line 183.
LaTeX Font Info:    ... okay on input line 183.
LaTeX Font Info:    Checking defaults for OT1/cmr/m/n on input line 183.
LaTeX Font Info:    ... okay on input line 183.
LaTeX Font Info:    Checking defaults for T1/cmr/m/n on input line 183.
LaTeX Font Info:    ... okay on input line 183.
LaTeX Font Info:    Checking defaults for TS1/cmr/m/n on input line 183.
LaTeX Font Info:    ... okay on input line 183.
LaTeX Font Info:    Checking defaults for OMX/cmex/m/n on input line 183.
LaTeX Font Info:    ... okay on input line 183.
LaTeX Font Info:    Checking defaults for U/cmr/m/n on input line 183.
LaTeX Font Info:    ... okay on input line 183.
LaTeX Font Info:    Checking defaults for PD1/pdf/m/n on input line 183.
LaTeX Font Info:    ... okay on input line 183.
LaTeX Font Info:    Checking defaults for PU/pdf/m/n on input line 183.
LaTeX Font Info:    ... okay on input line 183.
(/usr/share/texmf-dist/tex/context/base/mkii/supp-pdf.mkii
[Loading MPS to PDF converter (version 2006.09.02).]
\scratchcounter=\count343
\scratchdimen=\dimen268
\scratchbox=\box123
\nofMPsegments=\count344
\nofMParguments=\count345
\everyMPshowfont=\toks36
\MPscratchCnt=\count346
\MPscratchDim=\dimen269
\MPnumerator=\count347
\makeMPintoPDFobject=\count348
\everyMPtoPDFconversion=\toks37
) (/usr/share/texmf-dist/tex/latex/epstopdf-pkg/epstopdf-base.sty
Package: epstopdf-base 2020-01-24 v2.11 Base part for package epstopdf
Package epstopdf-base Info: Redefining graphics rule for `.eps' on input line 4
85.

(/usr/share/texmf-dist/tex/latex/latexconfig/epstopdf-sys.cfg
File: epstopdf-sys.cfg 2010/07/13 v1.3 Configuration of (r)epstopdf for TeX Liv
e
))
*geometry* driver: auto-detecting
*geometry* detected driver: pdftex
*geometry* verbose mode - [ preamble ] result:
* driver: pdftex
* paper: a4paper
* layout: <same size as paper>
* layoutoffset:(h,v)=(0.0pt,0.0pt)
* modes: twoside 
* h-part:(L,W,R)=(71.13188pt, 455.24411pt, 71.13188pt)
* v-part:(T,H,B)=(71.13188pt, 702.78308pt, 71.13188pt)
* \paperwidth=597.50787pt
* \paperheight=845.04684pt
* \textwidth=455.24411pt
* \textheight=702.78308pt
* \oddsidemargin=-1.1381pt
* \evensidemargin=-1.1381pt
* \topmargin=-31.2056pt
* \headheight=12.0pt
* \headsep=18.06749pt
* \topskip=10.0pt
* \footskip=25.29494pt
* \marginparwidth=125.0pt
* \marginparsep=7.0pt
* \columnsep=10.0pt
* \skip\footins=9.0pt plus 4.0pt minus 2.0pt
* \hoffset=0.0pt
* \voffset=0.0pt
* \mag=1000
* \@twocolumnfalse
* \@twosidetrue
* \@mparswitchtrue
* \@reversemarginfalse
* (1in=72.27pt=25.4mm, 1cm=28.453pt)

Package backref Info: ** backref set up for natbib ** on input line 183.
Package hyperref Info: Link coloring ON on input line 183.
(./refman.out) (./refman.out)
\@outlinefile=\write5
\openout5 = `refman.out'.

Package caption Info: Begin \AtBeginDocument code.
Package caption Info: End \AtBeginDocument code.
\Etoc@tf=\read4
Package hyperref Info: Option `pageanchor' set `false' on input line 191.
Package hyperref Info: Option `bookmarksnumbered' set `true' on input line 191.

Package hyperref Info: Option `unicode' set `true' on input line 191.
LaTeX Font Info:    Font shape `T1/phv/m/n' will be
(Font)              scaled to size 12.9599pt on input line 196.
LaTeX Font Info:    Font shape `T1/phv/m/n' will be
(Font)              scaled to size 10.79993pt on input line 198.
 [1


{/var/lib/texmf/fonts/map/pdftex/updmap/pdftex.map}{/usr/share/texmf-dist/fonts
/enc/dvips/base/8r.enc}] [2

]
\tf@toc=\write6
\openout6 = `refman.toc'.

LaTeX Font Info:    Font shape `T1/phv/b/n' will be
(Font)              scaled to size 8.99994pt on input line 204.
LaTeX Font Info:    Trying to load font information for U+msa on input line 204
.

(/usr/share/texmf-dist/tex/latex/amsfonts/umsa.fd
File: umsa.fd 2013/01/14 v3.01 AMS symbols A
)
LaTeX Font Info:    Trying to load font information for U+msb on input line 204
.

(/usr/share/texmf-dist/tex/latex/amsfonts/umsb.fd
File: umsb.fd 2013/01/14 v3.01 AMS symbols B
)
LaTeX Font Info:    Trying to load font information for U+wasy on input line 20
4.

(/usr/share/texmf-dist/tex/latex/wasysym/uwasy.fd
File: uwasy.fd 2020/01/19 v2.4 Wasy-2 symbol font definitions
)
LaTeX Font Info:    Font shape `T1/phv/b/n' will be
(Font)              scaled to size 6.29996pt on input line 204.
 [1] [2] [3] [4] [5] [6]
LaTeX Font Info:    Font shape `T1/phv/m/n' will be
(Font)              scaled to size 6.29996pt on input line 204.

[7] [8] [9] [10]
LaTeX Font Info:    Font shape `T1/phv/m/n' will be
(Font)              scaled to size 7.19995pt on input line 204.
LaTeX Font Info:    Trying to load font information for T1+pcr on input line 20
4.
 (/usr/share/texmf-dist/tex/latex/psnfss/t1pcr.fd
File: t1pcr.fd 2001/06/04 font definitions for T1/pcr.
) [11]
[12] [13] [14] [15] [16] [17] [18] [19] [20] [21] [22] [23] [24] [25] [26]
[27] [28] [29] [30] [31] [32] [33] [34

]
Package hyperref Info: Option `pageanchor' set `true' on input line 207.
 (./index.tex
Chapter 1.
LaTeX Font Info:    Font shape `T1/phv/m/n' will be
(Font)              scaled to size 18.66588pt on input line 1.
LaTeX Font Info:    Font shape `T1/phv/b/n' will be
(Font)              scaled to size 18.66588pt on input line 1.
LaTeX Font Info:    Font shape `T1/phv/b/n' will be
(Font)              scaled to size 22.39185pt on input line 1.
) (./d7/dfd/md_graphics_2resources_2icons.tex [1

] [2

]
Chapter 2.
) (./de/dc6/md_help_01texts_2events.tex [3] [4

]
Chapter 3.
LaTeX Font Info:    Trying to load font information for TS1+phv on input line 9
.
(/usr/share/texmf-dist/tex/latex/psnfss/ts1phv.fd
File: ts1phv.fd 2020/03/25 scalable font definitions for TS1/phv.
)
LaTeX Font Info:    Font shape `TS1/phv/m/n' will be
(Font)              scaled to size 8.99994pt on input line 9.
LaTeX Font Info:    Font shape `T1/phv/m/it' in size <10> not available
(Font)              Font shape `T1/phv/m/sl' tried instead on input line 9.
LaTeX Font Info:    Font shape `T1/phv/m/sl' will be
(Font)              scaled to size 8.99994pt on input line 9.
LaTeX Font Info:    Font shape `T1/phv/b/n' will be
(Font)              scaled to size 12.9599pt on input line 14.
)
(./d2/dd6/md_help_01texts_2files.tex [5] [6

]
Chapter 4.
) (./d1/d35/md_help_01texts_2generic.tex [7] [8

]
Chapter 5.
) (./d8/de5/md_help_01texts_2layout.tex [9] [10

]
Chapter 6.
LaTeX Font Info:    Font shape `T1/phv/b/n' will be
(Font)              scaled to size 10.79993pt on input line 16.
) (./db/d1c/md_help_01texts_2persons.tex [11] [12

]
Chapter 7.
LaTeX Font Info:    Font shape `T1/phv/m/it' in size <7> not available
(Font)              Font shape `T1/phv/m/sl' tried instead on input line 9.
LaTeX Font Info:    Font shape `T1/phv/m/sl' will be
(Font)              scaled to size 6.29996pt on input line 9.
) (./d1/dff/md_help_01texts_2relations.tex [13] [14

]
Chapter 8.
[15]) [16]
Chapter 9.
(./namespaces.tex) [17

] [18

]
Chapter 10.
(./hierarchy.tex [19]) [20]
Chapter 11.
(./annotated.tex [21

]) [22]
Chapter 12.
(./files.tex [23

]) [24]
Chapter 13.
(./dc/dd4/namespaceaddfile.tex
LaTeX Font Info:    Font shape `T1/phv/m/n' will be
(Font)              scaled to size 8.09995pt on input line 12.
LaTeX Font Info:    Font shape `T1/phv/m/it' in size <9> not available
(Font)              Font shape `T1/phv/m/sl' tried instead on input line 12.
LaTeX Font Info:    Font shape `T1/phv/m/sl' will be
(Font)              scaled to size 8.09995pt on input line 12.
) (./dc/d5d/namespacebutton.tex [25

])
(./da/d7e/namespaceerror.tex [26]
Underfull \hbox (badness 10000) in paragraph at lines 65--66
\T1/pcr/m/n/8 const std[]::string error[]::[]FORBIDDEN[]_[][]CHARS = ^^DText ca
nnot contain forbidden characters. &lt;
 []

LaTeX Font Info:    Trying to load font information for TS1+pcr on input line 8
5.
(/usr/share/texmf-dist/tex/latex/psnfss/ts1pcr.fd
File: ts1pcr.fd 2001/06/04 font definitions for TS1/pcr.
) [27])
(./d8/dd5/namespaceevents.tex [28]
Underfull \hbox (badness 10000) in paragraph at lines 85--86
\T1/pcr/m/n/8 const std[]::string events[]::[]DESC[]_[][]DIVORCE = ^^DDivorce i
s the process of terminating a marriage or
 []


Underfull \hbox (badness 10000) in paragraph at lines 95--96
\T1/pcr/m/n/8 const std[]::string events[]::[]DESC[]_[][]FUNERAL = ^^DA funeral
 is a ceremony connected with the final
 []


Underfull \hbox (badness 10000) in paragraph at lines 105--106
\T1/pcr/m/n/8 const std[]::string events[]::[]DESC[]_[][]GRADUATION = ^^DGradua
tion is the awarding of a diploma to a
 []

[29]
Underfull \hbox (badness 10000) in paragraph at lines 115--116
\T1/pcr/m/n/8 const std[]::string events[]::[]DESC[]_[][]WEDDING = ^^DA social 
event mainly between soon to be wife and
 []

[30]) (./d5/da6/namespacegender.tex
LaTeX Font Info:    Font shape `T1/pcr/m/it' in size <8> not available
(Font)              Font shape `T1/pcr/m/sl' tried instead on input line 28.
 [31]
Underfull \hbox (badness 10000) detected at line 35
[][][]
 []

) (./da/d9d/namespacehtml.tex [32] [33] [34] [35])
(./d4/d9a/namespacejsonlabel.tex [36] [37] [38] [39] [40] [41] [42] [43]
[44] [45] [46] [47] [48] [49]) (./d0/dd5/namespaceparser.tex [50] [51])
(./d0/d81/namespaceperson.tex [52]) (./d3/d6a/namespacerelation.tex [53]
[54] [55]
Underfull \hbox (badness 10000) in paragraph at lines 159--160
\T1/pcr/m/n/8 const std[]::string relation[]::[]DESC[]_[][]ADOPTIVE[]_[][]FATHE
RHOOD = ^^DFatherhood provided by adopting a
 []


Underfull \hbox (badness 10000) in paragraph at lines 169--170
\T1/pcr/m/n/8 const std[]::string relation[]::[]DESC[]_[][]ADOPTIVE[]_[][]MOTHE
RHOOD = ^^DMotherhood provided by adopting a
 []

[56]
Underfull \hbox (badness 10000) in paragraph at lines 259--260
\T1/pcr/m/n/8 const std[]::string relation[]::[]MARRIAGE[]_[][]DESC = ^^DBound 
by law between two people. Usually a man
 []

[57]) (./dc/dc5/namespacetagchooser.tex [58]) (./d9/d1f/namespacetrait.tex
[59]
Underfull \hbox (badness 10000) detected at line 35
[][][]
 []


Underfull \hbox (badness 10000) in paragraph at lines 45--46
\T1/pcr/m/n/8 constexpr [] trait[]::[]All[]Traits[]$ $[] = {[], [], [], [], []}

 []

) (./db/d3c/namespaceUi.tex) [60]
Chapter 14.
(./d5/d0b/classAddFileDialog.tex <./d5/d0b/classAddFileDialog.pdf>
<d5/d0b/classAddFileDialog.pdf, id=8014, 501.875pt x 401.5pt>
File: d5/d0b/classAddFileDialog.pdf Graphic file (type pdf)
<use d5/d0b/classAddFileDialog.pdf>
Package pdftex.def Info: d5/d0b/classAddFileDialog.pdf  used on input line 15.
(pdftex.def)             Requested size: 71.12737pt x 56.9055pt.
 [61

]
LaTeX Font Info:    Font shape `T1/pcr/m/it' in size <7> not available
(Font)              Font shape `T1/pcr/m/sl' tried instead on input line 60.

[62]
Underfull \hbox (badness 10000) detected at line 119
[][][]
 []

[63]) (./dd/d58/structAppSettings.tex [64] [65] [66] [67])
(./da/d4b/classCellGraphicsItem.tex [68] <./da/d4b/classCellGraphicsItem.pdf>
<da/d4b/classCellGraphicsItem.pdf, id=8181, 501.875pt x 349.13435pt>
File: da/d4b/classCellGraphicsItem.pdf Graphic file (type pdf)
<use da/d4b/classCellGraphicsItem.pdf>
Package pdftex.def Info: da/d4b/classCellGraphicsItem.pdf  used on input line 1
5.
(pdftex.def)             Requested size: 81.79494pt x 56.9055pt.

[69]
Underfull \hbox (badness 10000) detected at line 80
[][][]
 []

[70]
Underfull \hbox (badness 10000) detected at line 104
[][][]
 []

) (./df/dce/classChoosePersonDialog.tex [71] <./df/dce/classChoosePersonDialog.
pdf>
<df/dce/classChoosePersonDialog.pdf, id=8228, 501.875pt x 288.84912pt>
File: df/dce/classChoosePersonDialog.pdf Graphic file (type pdf)
<use df/dce/classChoosePersonDialog.pdf>
Package pdftex.def Info: df/dce/classChoosePersonDialog.pdf  used on input line
 15.
(pdftex.def)             Requested size: 98.87225pt x 56.9055pt.
 [72] [73]) (./d0/da2/structColor.tex [74] [75]) (./de/d4a/classDate.tex
[76] [77]
Underfull \hbox (badness 10000) detected at line 76
[][][]
 []


Underfull \hbox (badness 10000) detected at line 85
[][][]
 []


Underfull \hbox (badness 10000) detected at line 94
[][][]
 []


Underfull \hbox (badness 10000) detected at line 103
[][][]
 []


Underfull \hbox (badness 10000) detected at line 112
[][][]
 []

[78]
Underfull \hbox (badness 10000) detected at line 165
[][][]
 []

[79]) (./d2/d21/classDateDialog.tex <./d2/d21/classDateDialog.pdf>
<d2/d21/classDateDialog.pdf, id=8358, 501.875pt x 489.62924pt>
File: d2/d21/classDateDialog.pdf Graphic file (type pdf)
<use d2/d21/classDateDialog.pdf>
Package pdftex.def Info: d2/d21/classDateDialog.pdf  used on input line 15.
(pdftex.def)             Requested size: 58.32321pt x 56.9055pt.
 [80]
[81]) (./d5/da5/classEvent.tex [82] [83]
Underfull \hbox (badness 10000) detected at line 123
[][][]
 []


Underfull \hbox (badness 10000) detected at line 132
[][][]
 []


Underfull \hbox (badness 10000) detected at line 141
[][][]
 []

[84]
Underfull \hbox (badness 10000) detected at line 150
[][][]
 []


Underfull \hbox (badness 10000) detected at line 159
[][][]
 []


Underfull \hbox (badness 10000) detected at line 168
[][][]
 []


Underfull \hbox (badness 10000) detected at line 177
[][][]
 []


Underfull \hbox (badness 10000) detected at line 186
[][][]
 []

[85] [86]
Underfull \hbox (badness 10000) detected at line 224
[][][]
 []


Underfull \hbox (badness 10000) detected at line 233
[][][]
 []

[87]
Underfull \hbox (badness 10000) detected at line 286
[][][]
 []


Underfull \hbox (badness 10000) detected at line 295
[][][]
 []

[88]) (./de/d4b/classEventDialog.tex <./de/d4b/classEventDialog.pdf>
<de/d4b/classEventDialog.pdf, id=8522, 501.875pt x 456.25455pt>
File: de/d4b/classEventDialog.pdf Graphic file (type pdf)
<use de/d4b/classEventDialog.pdf>
Package pdftex.def Info: de/d4b/classEventDialog.pdf  used on input line 15.
(pdftex.def)             Requested size: 62.58871pt x 56.9055pt.
 [89]
[90] [91] [92]) (./de/dc3/classEventRoleItem.tex <./de/dc3/classEventRoleItem.p
df>
<de/dc3/classEventRoleItem.pdf, id=8606, 501.875pt x 346.1231pt>
File: de/dc3/classEventRoleItem.pdf Graphic file (type pdf)
<use de/dc3/classEventRoleItem.pdf>
Package pdftex.def Info: de/dc3/classEventRoleItem.pdf  used on input line 15.
(pdftex.def)             Requested size: 82.50713pt x 56.9055pt.
 [93]
Underfull \hbox (badness 10000) detected at line 60
[][][]
 []

[94]) (./d1/d94/classEventTamplatesDialog.tex <./d1/d94/classEventTamplatesDial
og.pdf>
<d1/d94/classEventTamplatesDialog.pdf, id=8635, 501.875pt x 278.82167pt>
File: d1/d94/classEventTamplatesDialog.pdf Graphic file (type pdf)
<use d1/d94/classEventTamplatesDialog.pdf>
Package pdftex.def Info: d1/d94/classEventTamplatesDialog.pdf  used on input li
ne 15.
(pdftex.def)             Requested size: 102.42555pt x 56.9055pt.
 [95] [96]
LaTeX Font Info:    Font shape `T1/phv/b/n' will be
(Font)              scaled to size 7.19995pt on input line 167.
 [97]) (./da/dcd/classEventTemplate.tex [98] [99]
Underfull \hbox (badness 10000) detected at line 93
[][][]
 []


Underfull \hbox (badness 10000) detected at line 102
[][][]
 []


Underfull \hbox (badness 10000) detected at line 111
[][][]
 []


Underfull \hbox (badness 10000) detected at line 120
[][][]
 []


Underfull \hbox (badness 10000) detected at line 129
[][][]
 []

[100]
Underfull \hbox (badness 10000) detected at line 138
[][][]
 []


Underfull \hbox (badness 10000) detected at line 147
[][][]
 []


Underfull \hbox (badness 10000) detected at line 156
[][][]
 []

[101]
Underfull \hbox (badness 10000) detected at line 198
[][][]
 []


Overfull \vbox (5.3221pt too high) has occurred while \output is active []


[102]
Underfull \hbox (badness 10000) detected at line 240
[][][]
 []


Underfull \hbox (badness 10000) detected at line 249
[][][]
 []

[103]) (./d5/dbb/classExportProjectDialog.tex <./d5/dbb/classExportProjectDialo
g.pdf>
<d5/dbb/classExportProjectDialog.pdf, id=8792, 501.875pt x 304.16637pt>
File: d5/dbb/classExportProjectDialog.pdf Graphic file (type pdf)
<use d5/dbb/classExportProjectDialog.pdf>
Package pdftex.def Info: d5/dbb/classExportProjectDialog.pdf  used on input lin
e 15.
(pdftex.def)             Requested size: 93.89456pt x 56.9055pt.
 [104] [105]) (./db/d9f/classExportTemplatesDialog.tex <./db/d9f/classExportTem
platesDialog.pdf>
<db/d9f/classExportTemplatesDialog.pdf, id=8828, 501.875pt x 271.28351pt>
File: db/d9f/classExportTemplatesDialog.pdf Graphic file (type pdf)
<use db/d9f/classExportTemplatesDialog.pdf>
Package pdftex.def Info: db/d9f/classExportTemplatesDialog.pdf  used on input l
ine 15.
(pdftex.def)             Requested size: 105.27432pt x 56.9055pt.
 [106] [107]) (./d4/d96/classFamilyTree.tex [108]
[109] [110] [111]
Underfull \hbox (badness 10000) detected at line 250
[][][]
 []


Underfull \hbox (badness 10000) detected at line 264
[][][]
 []


Underfull \hbox (badness 10000) detected at line 280
[][][]
 []

[112]
Underfull \hbox (badness 10000) detected at line 298
[][][]
 []


Underfull \hbox (badness 10000) detected at line 307
[][][]
 []


Underfull \hbox (badness 10000) detected at line 321
[][][]
 []


Underfull \hbox (badness 10000) detected at line 330
[][][]
 []

[113]
Underfull \hbox (badness 10000) detected at line 344
[][][]
 []


Underfull \hbox (badness 10000) detected at line 364
[][][]
 []


Overfull \vbox (19.77582pt too high) has occurred while \output is active []


[114]
Underfull \hbox (badness 10000) detected at line 413
[][][]
 []

[115]
Underfull \hbox (badness 10000) detected at line 440
[][][]
 []


Underfull \hbox (badness 10000) detected at line 454
[][][]
 []


Overfull \vbox (34.42702pt too high) has occurred while \output is active []


[116]
Underfull \hbox (badness 10000) detected at line 509
[][][]
 []


Underfull \hbox (badness 10000) detected at line 518
[][][]
 []

[117]
Underfull \hbox (badness 10000) detected at line 534
[][][]
 []


Underfull \hbox (badness 10000) detected at line 563
[][][]
 []

[118]
Underfull \hbox (badness 10000) detected at line 587
[][][]
 []


Underfull \hbox (badness 10000) detected at line 596
[][][]
 []


Overfull \vbox (2.96028pt too high) has occurred while \output is active []


[119]
Underfull \hbox (badness 10000) detected at line 652
[][][]
 []


Underfull \hbox (badness 10000) detected at line 661
[][][]
 []


Underfull \hbox (badness 10000) detected at line 670
[][][]
 []

[120]
Underfull \hbox (badness 10000) detected at line 684
[][][]
 []


Underfull \hbox (badness 10000) detected at line 693
[][][]
 []


Overfull \hbox (1.47571pt too wide) in paragraph at lines 1--1
[]\T1/phv/m/sl/10 rel[] 
 []


Underfull \hbox (badness 10000) detected at line 707
[][][]
 []


Underfull \hbox (badness 10000) detected at line 716
[][][]
 []

[121]
Underfull \hbox (badness 10000) detected at line 764
[][][]
 []

[122]
Underfull \hbox (badness 10000) detected at line 778
[][][]
 []


Underfull \hbox (badness 10000) detected at line 792
[][][]
 []


Underfull \hbox (badness 10000) detected at line 801
[][][]
 []


Underfull \hbox (badness 10000) detected at line 810
[][][]
 []

[123]
Underfull \hbox (badness 10000) detected at line 828
[][][]
 []


Underfull \hbox (badness 10000) detected at line 857
[][][]
 []

[124]
Underfull \hbox (badness 10000) detected at line 871
[][][]
 []


Underfull \hbox (badness 10000) detected at line 885
[][][]
 []

[125] [126] [127] [128] [129]
Underfull \hbox (badness 10000) detected at line 1092
[][][]
 []


Underfull \hbox (badness 10000) detected at line 1101
[][][]
 []

[130]
Underfull \hbox (badness 10000) detected at line 1164
[][][]
 []

[131]
Overfull \hbox (1.47571pt too wide) in paragraph at lines 3--3
[]\T1/phv/m/sl/10 pers1[] 
 []


Overfull \hbox (1.47571pt too wide) in paragraph at lines 5--5
[]\T1/phv/m/sl/10 pers2[] 
 []


Overfull \hbox (0.97165pt too wide) in paragraph at lines 7--7
[]\T1/phv/m/sl/10 templ[] 
 []


Underfull \hbox (badness 10000) detected at line 1222
[][][]
 []


Underfull \hbox (badness 10000) detected at line 1231
[][][]
 []

[132] [133]
Overfull \hbox (1.47571pt too wide) in paragraph at lines 1--1
[]\T1/phv/m/sl/10 template[] 
 []


Underfull \hbox (badness 10000) detected at line 1256
[][][]
 []


Overfull \hbox (1.47571pt too wide) in paragraph at lines 1--1
[]\T1/phv/m/sl/10 template[] 
 []


Underfull \hbox (badness 10000) detected at line 1270
[][][]
 []

[134]
Underfull \hbox (badness 10000) detected at line 1295
[][][]
 []

[135] [136]) (./db/d30/classFile.tex [137]
Underfull \hbox (badness 10000) detected at line 61
[][][]
 []


Underfull \hbox (badness 10000) detected at line 70
[][][]
 []

[138]
Underfull \hbox (badness 10000) detected at line 79
[][][]
 []

[139] [140]) (./df/d25/classFileTreeItem.tex <./df/d25/classFileTreeItem.pdf>
<df/d25/classFileTreeItem.pdf, id=9445, 501.875pt x 346.1231pt>
File: df/d25/classFileTreeItem.pdf Graphic file (type pdf)
<use df/d25/classFileTreeItem.pdf>
Package pdftex.def Info: df/d25/classFileTreeItem.pdf  used on input line 15.
(pdftex.def)             Requested size: 82.50713pt x 56.9055pt.

[141] [142] [143]
Underfull \hbox (badness 10000) detected at line 130
[][][]
 []

[144]
Underfull \hbox (badness 10000) detected at line 139
[][][]
 []


Underfull \hbox (badness 10000) detected at line 148
[][][]
 []


Underfull \hbox (badness 10000) detected at line 168
[][][]
 []

[145]
Underfull \hbox (badness 10000) detected at line 182
[][][]
 []

) (./d2/d64/classGraphicsView.tex <./d2/d64/classGraphicsView.pdf>
<d2/d64/classGraphicsView.pdf, id=9534, 501.875pt x 368.34615pt>
File: d2/d64/classGraphicsView.pdf Graphic file (type pdf)
<use d2/d64/classGraphicsView.pdf>
Package pdftex.def Info: d2/d64/classGraphicsView.pdf  used on input line 15.
(pdftex.def)             Requested size: 77.52943pt x 56.9055pt.
 [146]
[147]) (./d1/dfe/classHelpDialog.tex <./d1/dfe/classHelpDialog.pdf>
<d1/dfe/classHelpDialog.pdf, id=9560, 501.875pt x 489.62924pt>
File: d1/dfe/classHelpDialog.pdf Graphic file (type pdf)
<use d1/dfe/classHelpDialog.pdf>
Package pdftex.def Info: d1/dfe/classHelpDialog.pdf  used on input line 15.
(pdftex.def)             Requested size: 58.32321pt x 56.9055pt.
 [148])
(./d2/dfe/classHtmlExport.tex <./d2/dfe/classHtmlExport.pdf>
<d2/dfe/classHtmlExport.pdf, id=9591, 501.875pt x 501.875pt>
File: d2/dfe/classHtmlExport.pdf Graphic file (type pdf)
<use d2/dfe/classHtmlExport.pdf>
Package pdftex.def Info: d2/dfe/classHtmlExport.pdf  used on input line 15.
(pdftex.def)             Requested size: 56.89883pt x 56.9055pt.
 [149] [150]
[151]) (./d6/d1a/classMainWindow.tex <./d6/d1a/classMainWindow.pdf>
<d6/d1a/classMainWindow.pdf, id=9641, 501.875pt x 393.6306pt>
File: d6/d1a/classMainWindow.pdf Graphic file (type pdf)
<use d6/d1a/classMainWindow.pdf>
Package pdftex.def Info: d6/d1a/classMainWindow.pdf  used on input line 15.
(pdftex.def)             Requested size: 72.55176pt x 56.9055pt.
 [152]
[153] [154] [155] [156] [157] [158] [159] [160] [161] [162]
Underfull \hbox (badness 10000) in paragraph at lines 629--630

 []

[163]
Underfull \hbox (badness 10000) in paragraph at lines 681--682

 []


Underfull \hbox (badness 10000) in paragraph at lines 703--704

 []


Underfull \hbox (badness 10000) in paragraph at lines 727--728
|  \T1/pcr/m/n/8 std[]::function$\OML/cmm/m/it/8 <$ \T1/pcr/m/n/8 std[]::pair$\
OML/cmm/m/it/8 <$ \T1/pcr/m/n/8 size[]_[]t, size[]_[]t $\OML/cmm/m/it/8 >$\T1/p
cr/m/n/8 ([] $\OMS/cmsy/m/n/8 ^^C$\T1/pcr/m/n/8 , size[]_[]t, size[]_[]t)$\OML/
cmm/m/it/8 >$ \T1/pcr/m/sl/8 number[]
 []


Underfull \hbox (badness 10000) in paragraph at lines 727--728
|  \T1/pcr/m/n/8 std[]::function$\OML/cmm/m/it/8 <$ \T1/pcr/m/n/8 void([] $\OMS
/cmsy/m/n/8 ^^C$\T1/pcr/m/n/8 , qreal, qreal, qreal, int, int, size[]_[]t)$\OML
/cmm/m/it/8 >$ \T1/pcr/m/sl/8 draw[]Func \T1/pcr/m/n/8 )
 []

[164]
Underfull \hbox (badness 10000) in paragraph at lines 760--761

 []

[165]
Underfull \hbox (badness 10000) in paragraph at lines 808--809

 []

[166] [167]
Overfull \vbox (17.09285pt too high) has occurred while \output is active []


[168]
Underfull \hbox (badness 10000) detected at line 959
[][][]
 []


Underfull \hbox (badness 10000) detected at line 987
[][][]
 []

[169]
Underfull \hbox (badness 10000) detected at line 1043
[][][]
 []


Underfull \hbox (badness 10000) in paragraph at lines 1090--1091
|  \T1/pcr/m/n/8 std[]::function$\OML/cmm/m/it/8 <$ \T1/pcr/m/n/8 std[]::pair$\
OML/cmm/m/it/8 <$ \T1/pcr/m/n/8 size[]_[]t, size[]_[]t $\OML/cmm/m/it/8 >$\T1/p
cr/m/n/8 ([] $\OMS/cmsy/m/n/8 ^^C$\T1/pcr/m/n/8 , size[]_[]t, size[]_[]t)$\OML/
cmm/m/it/8 >$ \T1/pcr/m/sl/8 func \T1/pcr/m/n/8 )
 []

[170]
Underfull \hbox (badness 10000) detected at line 1107
[][][]
 []

[171] [172]
Underfull \hbox (badness 10000) detected at line 1199
[][][]
 []

[173] [174] [175] [176] [177] [178] [179]
Underfull \hbox (badness 10000) detected at line 1665
[][][]
 []

[180] [181]
Overfull \hbox (1.47571pt too wide) in paragraph at lines 1--1
[]\T1/phv/m/sl/10 person[] 
 []

[182]
Underfull \hbox (badness 10000) detected at line 1824
[][][]
 []

[183] [184]
Underfull \hbox (badness 10000) detected at line 1977
[][][]
 []

[185] [186]) (./d0/d40/classParser.tex [187] [188] [189]
Underfull \hbox (badness 10000) detected at line 136
[][][]
 []


Underfull \hbox (badness 10000) detected at line 150
[][][]
 []


Overfull \vbox (44.86398pt too high) has occurred while \output is active []


[190]
Underfull \hbox (badness 10000) detected at line 170
[][][]
 []

[191]
Underfull \hbox (badness 10000) detected at line 218
[][][]
 []


Underfull \hbox (badness 10000) detected at line 234
[][][]
 []


Underfull \hbox (badness 10000) detected at line 258
[][][]
 []

[192]
Underfull \hbox (badness 10000) detected at line 289
[][][]
 []

[193]
Underfull \hbox (badness 10000) detected at line 307
[][][]
 []

[194]
Underfull \hbox (badness 10000) detected at line 370
[][][]
 []

[195] [196]) (./d1/d63/classPerson.tex [197] [198] [199]
Underfull \hbox (badness 10000) detected at line 228
[][][]
 []


Underfull \hbox (badness 10000) detected at line 237
[][][]
 []

[200]
Underfull \hbox (badness 10000) detected at line 251
[][][]
 []


Underfull \hbox (badness 10000) detected at line 275
[][][]
 []


Underfull \hbox (badness 10000) detected at line 284
[][][]
 []


Underfull \hbox (badness 10000) detected at line 293
[][][]
 []

[201]
Underfull \hbox (badness 10000) detected at line 302
[][][]
 []


Underfull \hbox (badness 10000) detected at line 311
[][][]
 []


Underfull \hbox (badness 10000) detected at line 320
[][][]
 []


Underfull \hbox (badness 10000) detected at line 329
[][][]
 []

[202]
Underfull \hbox (badness 10000) detected at line 343
[][][]
 []


Underfull \hbox (badness 10000) detected at line 357
[][][]
 []


Underfull \hbox (badness 10000) detected at line 366
[][][]
 []


Underfull \hbox (badness 10000) detected at line 375
[][][]
 []


Underfull \hbox (badness 10000) detected at line 384
[][][]
 []

[203]
Underfull \hbox (badness 10000) detected at line 393
[][][]
 []


Underfull \hbox (badness 10000) detected at line 402
[][][]
 []


Underfull \hbox (badness 10000) detected at line 411
[][][]
 []


Underfull \hbox (badness 10000) detected at line 420
[][][]
 []


Underfull \hbox (badness 10000) detected at line 429
[][][]
 []

[204]
Underfull \hbox (badness 10000) detected at line 438
[][][]
 []


Underfull \hbox (badness 10000) detected at line 447
[][][]
 []


Underfull \hbox (badness 10000) detected at line 456
[][][]
 []

[205]
Underfull \hbox (badness 10000) detected at line 476
[][][]
 []

[206] [207]
Underfull \hbox (badness 10000) detected at line 579
[][][]
 []

[208]
Underfull \hbox (badness 10000) detected at line 603
[][][]
 []

[209]
Underfull \hbox (badness 10000) detected at line 682
[][][]
 []

[210]
Underfull \hbox (badness 10000) detected at line 702
[][][]
 []


Underfull \hbox (badness 10000) detected at line 722
[][][]
 []


Underfull \hbox (badness 10000) detected at line 731
[][][]
 []


Overfull \hbox (1.47571pt too wide) in paragraph at lines 1--1
[]\T1/phv/m/sl/10 rel[] 
 []

[211] [212] [213] [214]) (./db/d2b/classPersonsGraphicsItem.tex <./db/d2b/class
PersonsGraphicsItem.pdf>
<db/d2b/classPersonsGraphicsItem.pdf, id=10713, 501.875pt x 144.41956pt>
File: db/d2b/classPersonsGraphicsItem.pdf Graphic file (type pdf)
<use db/d2b/classPersonsGraphicsItem.pdf>
Package pdftex.def Info: db/d2b/classPersonsGraphicsItem.pdf  used on input lin
e 15.
(pdftex.def)             Requested size: 197.75217pt x 56.9055pt.
 [215] [216] [217]
Underfull \hbox (badness 10000) detected at line 136
[][][]
 []

[218]
Underfull \hbox (badness 10000) detected at line 203
[][][]
 []

[219] [220]) (./de/ded/classPictureExport.tex <./de/ded/classPictureExport.pdf>
<de/ded/classPictureExport.pdf, id=10816, 501.875pt x 418.23253pt>
File: de/ded/classPictureExport.pdf Graphic file (type pdf)
<use de/ded/classPictureExport.pdf>
Package pdftex.def Info: de/ded/classPictureExport.pdf  used on input line 15.
(pdftex.def)             Requested size: 68.2786pt x 56.9055pt.
[221] [222]) (./d1/d2a/classProjectItem.tex <./d1/d2a/classProjectItem.pdf>
<d1/d2a/classProjectItem.pdf, id=10846, 501.875pt x 346.1231pt>
File: d1/d2a/classProjectItem.pdf Graphic file (type pdf)
<use d1/d2a/classProjectItem.pdf>
Package pdftex.def Info: d1/d2a/classProjectItem.pdf  used on input line 15.
(pdftex.def)             Requested size: 82.50713pt x 56.9055pt.

[223]
Underfull \hbox (badness 10000) detected at line 62
[][][]
 []

[224]
Underfull \hbox (badness 10000) detected at line 71
[][][]
 []

) (./d6/d1c/classRelation.tex [225]
Underfull \hbox (badness 10000) detected at line 92
[][][]
 []


Underfull \hbox (badness 10000) detected at line 101
[][][]
 []

[226]
Underfull \hbox (badness 10000) detected at line 110
[][][]
 []


Underfull \hbox (badness 10000) detected at line 119
[][][]
 []


Underfull \hbox (badness 10000) detected at line 133
[][][]
 []

[227]
Underfull \hbox (badness 10000) detected at line 147
[][][]
 []


Underfull \hbox (badness 10000) detected at line 156
[][][]
 []


Underfull \hbox (badness 10000) detected at line 165
[][][]
 []


Underfull \hbox (badness 10000) detected at line 179
[][][]
 []


Overfull \hbox (1.47571pt too wide) in paragraph at lines 1--1
[]\T1/phv/m/sl/10 person[] 
 []

[228]
Underfull \hbox (badness 10000) detected at line 193
[][][]
 []


Underfull \hbox (badness 10000) detected at line 202
[][][]
 []


Underfull \hbox (badness 10000) detected at line 216
[][][]
 []


Overfull \vbox (41.32089pt too high) has occurred while \output is active []


[229] [230]
Underfull \hbox (badness 10000) detected at line 295
[][][]
 []

) (./d2/d0d/classRelationDialog.tex [231] <./d2/d0d/classRelationDialog.pdf>
<d2/d0d/classRelationDialog.pdf, id=10989, 501.875pt x 397.52516pt>
File: d2/d0d/classRelationDialog.pdf Graphic file (type pdf)
<use d2/d0d/classRelationDialog.pdf>
Package pdftex.def Info: d2/d0d/classRelationDialog.pdf  used on input line 15.

(pdftex.def)             Requested size: 71.83955pt x 56.9055pt.

[232] [233] [234]) (./dd/d7b/classRelationItem.tex <./dd/d7b/classRelationItem.
pdf>
<dd/d7b/classRelationItem.pdf, id=11057, 501.875pt x 346.1231pt>
File: dd/d7b/classRelationItem.pdf Graphic file (type pdf)
<use dd/d7b/classRelationItem.pdf>
Package pdftex.def Info: dd/d7b/classRelationItem.pdf  used on input line 15.
(pdftex.def)             Requested size: 82.50713pt x 56.9055pt.
 [235]
Underfull \hbox (badness 10000) detected at line 64
[][][]
 []

[236]) (./d8/d13/structRelationSuggestion.tex [237] [238])
(./d4/d19/classRelationTemplate.tex [239] [240]
Underfull \hbox (badness 10000) detected at line 91
[][][]
 []


Underfull \hbox (badness 10000) detected at line 100
[][][]
 []


Underfull \hbox (badness 10000) detected at line 109
[][][]
 []


Underfull \hbox (badness 10000) detected at line 118
[][][]
 []


Underfull \hbox (badness 10000) detected at line 127
[][][]
 []

[241]
Underfull \hbox (badness 10000) detected at line 136
[][][]
 []


Underfull \hbox (badness 10000) detected at line 145
[][][]
 []

[242]
Underfull \hbox (badness 10000) detected at line 165
[][][]
 []


Underfull \hbox (badness 10000) detected at line 174
[][][]
 []


Underfull \hbox (badness 10000) detected at line 205
[][][]
 []

[243]
Underfull \hbox (badness 10000) detected at line 214
[][][]
 []


Underfull \hbox (badness 10000) detected at line 234
[][][]
 []

[244]) (./d9/dfd/classRelationTemplateDialog.tex <./d9/dfd/classRelationTemplat
eDialog.pdf>
<d9/dfd/classRelationTemplateDialog.pdf, id=11218, 501.875pt x 265.89337pt>
File: d9/dfd/classRelationTemplateDialog.pdf Graphic file (type pdf)
<use d9/dfd/classRelationTemplateDialog.pdf>
Package pdftex.def Info: d9/dfd/classRelationTemplateDialog.pdf  used on input 
line 15.
(pdftex.def)             Requested size: 107.40324pt x 56.9055pt.
 [245] [246] [247]) (./df/d9a/classSettings.tex [248] [249]
Overfull \vbox (43.01297pt too high) has occurred while \output is active []


[250]
Underfull \hbox (badness 10000) detected at line 179
[][][]
 []

[251]
Underfull \hbox (badness 10000) detected at line 193
[][][]
 []

[252]
Underfull \hbox (badness 10000) detected at line 238
[][][]
 []


Underfull \hbox (badness 10000) detected at line 252
[][][]
 []


Underfull \hbox (badness 10000) in paragraph at lines 259--260
\T1/pcr/m/n/8 const std[]::map$\OML/cmm/m/it/8 <$ \T1/pcr/m/n/8 size[]_[]t, std
[]::unique[]_[]ptr$\OML/cmm/m/it/8 <$ [] $>$ $>$ \T1/pcr/m/n/8 & Settings[]::ge
t[]Event[]Templates ( )
 []


Underfull \hbox (badness 10000) detected at line 261
[][][]
 []


Underfull \hbox (badness 10000) detected at line 270
[][][]
 []

[253]
Underfull \hbox (badness 10000) detected at line 284
[][][]
 []


Underfull \hbox (badness 10000) detected at line 293
[][][]
 []


Underfull \hbox (badness 10000) detected at line 302
[][][]
 []


Underfull \hbox (badness 10000) detected at line 316
[][][]
 []

[254]
Underfull \hbox (badness 10000) detected at line 325
[][][]
 []

[255] [256]
Underfull \hbox (badness 10000) detected at line 391
[][][]
 []

[257]) (./d2/db6/classSuggestionsDialog.tex <./d2/db6/classSuggestionsDialog.pd
f>
<d2/db6/classSuggestionsDialog.pdf, id=11435, 501.875pt x 323.78966pt>
File: d2/db6/classSuggestionsDialog.pdf Graphic file (type pdf)
<use d2/db6/classSuggestionsDialog.pdf>
Package pdftex.def Info: d2/db6/classSuggestionsDialog.pdf  used on input line 
15.
(pdftex.def)             Requested size: 88.20468pt x 56.9055pt.
 [258] [259] [260]) (./d2/d03/classTagChooserDialog.tex [261] <./d2/d03/classTa
gChooserDialog.pdf>
<d2/d03/classTagChooserDialog.pdf, id=11507, 501.875pt x 321.2pt>
File: d2/d03/classTagChooserDialog.pdf Graphic file (type pdf)
<use d2/d03/classTagChooserDialog.pdf>
Package pdftex.def Info: d2/d03/classTagChooserDialog.pdf  used on input line 1
5.
(pdftex.def)             Requested size: 88.90921pt x 56.9055pt.
 [262] [263]) (./d9/d28/classVirtualDrive.tex [264]
Overfull \hbox (1.47571pt too wide) in paragraph at lines 1--1
[]\T1/phv/m/sl/10 file[] 
 []

[265]
Underfull \hbox (badness 10000) detected at line 99
[][][]
 []


Underfull \hbox (badness 10000) detected at line 113
[][][]
 []


Underfull \hbox (badness 10000) detected at line 135
[][][]
 []

[266]
Underfull \hbox (badness 10000) detected at line 144
[][][]
 []


Underfull \hbox (badness 10000) detected at line 153
[][][]
 []

[267] [268]) (./d7/d47/classVisualSettings.tex [269] <./d7/d47/classVisualSetti
ngs.pdf>
<d7/d47/classVisualSettings.pdf, id=11631, 501.875pt x 405.55516pt>
File: d7/d47/classVisualSettings.pdf Graphic file (type pdf)
<use d7/d47/classVisualSettings.pdf>
Package pdftex.def Info: d7/d47/classVisualSettings.pdf  used on input line 15.

(pdftex.def)             Requested size: 70.41518pt x 56.9055pt.

Underfull \hbox (badness 4872) in paragraph at lines 40--41
[]\T1/phv/m/n/10 void [] (QColor [], QColor [], QColor [], QColor
 []

[270] [271] [272] [273] [274]) (./d3/d0d/classWrappedDate.tex [275]
Underfull \hbox (badness 10000) detected at line 85
[][][]
 []

[276]
Underfull \hbox (badness 10000) detected at line 94
[][][]
 []


Underfull \hbox (badness 10000) detected at line 103
[][][]
 []


Underfull \hbox (badness 10000) detected at line 112
[][][]
 []


Underfull \hbox (badness 10000) detected at line 121
[][][]
 []

[277]
Underfull \hbox (badness 10000) detected at line 171
[][][]
 []

[278]
Underfull \hbox (badness 10000) detected at line 180
[][][]
 []

) [279] [280

]
Chapter 15.
(./df/d59/config_8cpp.tex
Underfull \hbox (badness 10000) in paragraph at lines 8--9

 []


Overfull \vbox (8.09615pt too high) has occurred while \output is active []


[281]
Underfull \hbox (badness 10000) detected at line 43
[][][]
 []


Underfull \hbox (badness 10000) detected at line 59
[][][]
 []


Underfull \hbox (badness 10000) detected at line 75
[][][]
 []

[282]
Underfull \hbox (badness 10000) detected at line 91
[][][]
 []


Underfull \hbox (badness 10000) detected at line 107
[][][]
 []

) (./db/d16/config_8h.tex
Underfull \hbox (badness 10000) in paragraph at lines 8--17

 []

[283] [284]
Underfull \hbox (badness 10000) detected at line 157
[][][]
 []

[285]
Underfull \hbox (badness 10000) detected at line 173
[][][]
 []


Underfull \hbox (badness 10000) detected at line 189
[][][]
 []


Underfull \hbox (badness 10000) detected at line 205
[][][]
 []

[286]
Underfull \hbox (badness 10000) detected at line 221
[][][]
 []

) (./db/d16/config_8h_source.tex [287] [288]) (./d9/da2/date_8cpp.tex
Underfull \hbox (badness 10000) in paragraph at lines 8--9

 []

[289]
Underfull \hbox (badness 10000) detected at line 37
[][][]
 []


Underfull \hbox (badness 10000) detected at line 53
[][][]
 []

) (./db/d96/date_8h.tex
Underfull \hbox (badness 10000) in paragraph at lines 8--14

 []

[290]
Underfull \hbox (badness 10000) detected at line 49
[][][]
 []


Underfull \hbox (badness 10000) detected at line 65
[][][]
 []

) (./db/d96/date_8h_source.tex [291]) (./da/d7e/family__tree_8cpp.tex
Underfull \hbox (badness 10000) in paragraph at lines 8--9

 []

) (./d6/d9d/family__tree_8h.tex
Underfull \hbox (badness 10000) in paragraph at lines 8--23

 []

[292]) (./d6/d9d/family__tree_8h_source.tex [293] [294])
(./dd/d43/family__tree__items_8cpp.tex
Underfull \hbox (badness 10000) in paragraph at lines 8--9

 []


Underfull \hbox (badness 10000) detected at line 39
[][][]
 []

[295]
Underfull \hbox (badness 10000) detected at line 55
[][][]
 []


Underfull \hbox (badness 10000) detected at line 71
[][][]
 []

) (./d5/d18/family__tree__items_8h.tex
Underfull \hbox (badness 10000) in paragraph at lines 8--16

 []

[296]
Underfull \hbox (badness 10000) detected at line 57
[][][]
 []


Underfull \hbox (badness 10000) detected at line 73
[][][]
 []

[297]
Underfull \hbox (badness 10000) detected at line 89
[][][]
 []

) (./d5/d18/family__tree__items_8h_source.tex [298])
(./dd/de0/file__parser_8cpp.tex
Underfull \hbox (badness 10000) in paragraph at lines 8--9

 []

) (./d7/d6c/file__parser_8h.tex
Underfull \hbox (badness 10000) in paragraph at lines 8--19

 []

[299]) (./d7/d6c/file__parser_8h_source.tex [300]) (./d8/de5/person_8cpp.tex
[301]
Underfull \hbox (badness 10000) in paragraph at lines 8--9

 []


Underfull \hbox (badness 10000) detected at line 39
[][][]
 []


Overfull \vbox (16.75519pt too high) has occurred while \output is active []


[302]
Underfull \hbox (badness 10000) detected at line 55
[][][]
 []

) (./d4/d98/person_8h.tex
Underfull \hbox (badness 10000) in paragraph at lines 8--16

 []

[303]
Overfull \vbox (23.86496pt too high) has occurred while \output is active []


[304]
Underfull \hbox (badness 10000) detected at line 129
[][][]
 []


Underfull \hbox (badness 10000) detected at line 145
[][][]
 []


Overfull \vbox (20.67795pt too high) has occurred while \output is active []


[305]) (./d4/d98/person_8h_source.tex [306]) (./d6/d90/strings_8h.tex
Underfull \hbox (badness 10000) in paragraph at lines 8--9

 []

[307] [308] [309] [310] [311] [312] [313] [314])
(./d6/d90/strings_8h_source.tex [315] [316] [317]) (./d6/d2a/dialogs_8cpp.tex
Underfull \hbox (badness 10000) in paragraph at lines 8--9

 []

) (./d6/d64/dialogs_8h.tex
Underfull \hbox (badness 10000) in paragraph at lines 8--32

 []

[318]
LaTeX Font Info:    Font shape `T1/pcr/m/it' in size <9> not available
(Font)              Font shape `T1/pcr/m/sl' tried instead on input line 46.
) (./d6/d64/dialogs_8h_source.tex [319] [320] [321] [322])
(./db/d3e/graphics__items_8cpp.tex
Underfull \hbox (badness 10000) in paragraph at lines 8--9

 []

[323]
Underfull \hbox (badness 10000) detected at line 33
[][][]
 []

) (./d9/dae/graphics__items_8h.tex
Underfull \hbox (badness 10000) in paragraph at lines 8--15

 []

[324] [325]
Underfull \hbox (badness 10000) detected at line 113
[][][]
 []

) (./d9/dae/graphics__items_8h_source.tex [326]) (./d8/dd9/mainwindow_8cpp.tex
Underfull \hbox (badness 10000) in paragraph at lines 8--9

 []

) (./d9/d53/mainwindow_8h.tex [327]
Underfull \hbox (badness 10000) in paragraph at lines 8--17

 []

) (./d9/d53/mainwindow_8h_source.tex [328] [329] [330])
(./de/d39/mainwindow__slots_8cpp.tex
Underfull \hbox (badness 10000) in paragraph at lines 8--9

 []

) (./d0/dc9/icons_8md.tex) (./d8/d04/events_8md.tex) (./d6/d04/files_8md.tex)
(./d8/de3/generic_8md.tex) (./dc/d94/layout_8md.tex) (./d1/d60/persons_8md.tex)
(./d7/d13/relations_8md.tex) (./df/dcf/index_8md.tex) (./df/d0a/main_8cpp.tex
Underfull \hbox (badness 10000) in paragraph at lines 8--11

 []

[331]
Underfull \hbox (badness 10000) detected at line 37
[][][]
 []

) [332] (./refman.ind
LaTeX Font Info:    Font shape `T1/phv/m/n' will be
(Font)              scaled to size 22.39185pt on input line 1.
 [333



] [334] [335] [336] [337] [338] [339] [340] [341]
[342] [343] [344] [345] [346] [347] [348] [349] [350] [351] [352] [353]
[354] [355] [356] [357]) (./refman.aux)
Package rerunfilecheck Info: File `refman.out' has not changed.
(rerunfilecheck)             Checksum: C00EC160E649F513D418D48AD81656F9;280946.

 ) 
Here is how much of TeX's memory you used:
 25007 strings out of 476025
 496038 string characters out of 5796532
 1889388 words of memory out of 5000000
 41411 multiletter control sequences out of 15000+600000
 569915 words of font info for 105 fonts, out of 8000000 for 9000
 1141 hyphenation exceptions out of 8191
 101i,16n,117p,1075b,1434s stack positions out of 10000i,1000n,20000p,200000b,200000s
</usr/share/texmf-dist/fonts/type1/public/amsfonts/cm/cmmi10.pfb></usr/share/
texmf-dist/fonts/type1/public/amsfonts/cm/cmmi7.pfb></usr/share/texmf-dist/font
s/type1/public/amsfonts/cm/cmmi8.pfb></usr/share/texmf-dist/fonts/type1/public/
amsfonts/cm/cmsy10.pfb></usr/share/texmf-dist/fonts/type1/public/amsfonts/cm/cm
sy7.pfb></usr/share/texmf-dist/fonts/type1/public/amsfonts/cm/cmsy8.pfb></usr/s
hare/texmf-dist/fonts/type1/urw/courier/ucrb8a.pfb></usr/share/texmf-dist/fonts
/type1/urw/courier/ucrr8a.pfb></usr/share/texmf-dist/fonts/type1/urw/courier/uc
rro8a.pfb></usr/share/texmf-dist/fonts/type1/urw/helvetic/uhvb8a.pfb></usr/shar
e/texmf-dist/fonts/type1/urw/helvetic/uhvb8ac.pfb></usr/share/texmf-dist/fonts/
type1/urw/helvetic/uhvr8a.pfb></usr/share/texmf-dist/fonts/type1/urw/helvetic/u
hvro8a.pfb>
Output written on refman.pdf (393 pages, 1157323 bytes).
PDF statistics:
 16974 PDF objects out of 18468 (max. 8388607)
 16303 compressed objects within 164 object streams
 3400 named destinations out of 3580 (max. 500000)
 11068 words of extra memory for PDF output out of 12000 (max. 10000000)

